<?xml version="1.0" encoding="UTF-8"?>
<testsuites name="Mascot" time="206.145" tests="2" failures="0" errors="0">
   <testsuite name="Mascot" tests="2" failures="0" errors="0" time="206.145" skipped="0" timestamp="25-06-2024T17:13:29" hostname="0675 - DESKTOP-H9BG5JR" id="Test Suites/Mascot">
      <properties>
         <property name="deviceName" value=""/>
         <property name="devicePlatform"/>
         <property name="logFolder" value="C:\\Users\\0675\\git\\first-project\\Reports\\20240625_171313\\Mascot\\20240625_171313"/>
         <property name="logFiles" value="C:\\Users\\0675\\git\\first-project\\Reports\\20240625_171313\\Mascot\\20240625_171313\\execution0.log"/>
         <property name="attachments" value="keyes\keyes-login before.png"/>
         <property name="hostName" value="0675 - DESKTOP-H9BG5JR"/>
         <property name="os" value="Windows 10 64bit"/>
         <property name="katalonVersion" value="9.5.0.217"/>
         <property name="browser" value="Chrome 126.0.0.0"/>
         <property name="hostAddress" value="172.16.0.2"/>
         <property name="sessionId" value="382248f25f97f0d223b8d3ea9076a104"/>
         <property name="seleniumVersion" value="3.141.59"/>
         <property name="proxyInformation" value="ProxyInformation { proxyOption=NO_PROXY, proxyServerType=HTTP, username=, password=********, proxyServerAddress=, proxyServerPort=0, executionList=&quot;&quot;, isApplyToDesiredCapabilities=true }"/>
         <property name="platform" value="Windows 10"/>
      </properties>
      <testcase name="Test Cases/MascotLogin001" time="81.563" classname="Test Cases/MascotLogin001" status="PASSED">
         <system-out><![CDATA[25-06-2024T17:13:29 - [TEST_CASE][PASSED] - Test Cases/MascotLogin001: Test Cases/MascotLogin001

25-06-2024T17:13:30 - [TEST_STEP][PASSED] - openBrowser(""): Browser is opened with url: ''

25-06-2024T17:13:30 - [MESSAGE][INFO] - Starting 'Chrome' driver

25-06-2024T17:13:30 - [MESSAGE][INFO] - Action delay is set to 0 milliseconds

25-06-2024T17:13:36 - [MESSAGE][PASSED] - Browser is opened with url: ''

25-06-2024T17:13:36 - [TEST_STEP][PASSED] - maximizeWindow(): Current window maximized

25-06-2024T17:13:36 - [MESSAGE][PASSED] - Current window maximized

25-06-2024T17:13:36 - [TEST_STEP][PASSED] - delay(3): Delayed 3 second(s)

25-06-2024T17:13:39 - [MESSAGE][PASSED] - Delayed 3 second(s)

25-06-2024T17:13:39 - [TEST_STEP][PASSED] - takeFullPageScreenshotAsCheckpoint("login before"): Taking screenshot successfully

25-06-2024T17:13:42 - [MESSAGE][INFO] - 0 hidden object(s)

25-06-2024T17:13:43 - [MESSAGE][PASSED] - Taking screenshot successfully
[[ATTACHMENT|keyes\keyes-login before.png]]

25-06-2024T17:13:43 - [TEST_STEP][PASSED] - delay(3): Delayed 3 second(s)

25-06-2024T17:13:46 - [MESSAGE][PASSED] - Delayed 3 second(s)

25-06-2024T17:13:46 - [TEST_STEP][PASSED] - navigateToUrl("http://206.189.158.91:8080/sparepart-factory-cms/login.zul
"): Navigate to 'http://206.189.158.91:8080/sparepart-factory-cms/login.zul' successfully

25-06-2024T17:14:37 - [MESSAGE][PASSED] - Navigate to 'http://206.189.158.91:8080/sparepart-factory-cms/login.zul' successfully

25-06-2024T17:14:37 - [TEST_STEP][PASSED] - delay(3): Delayed 3 second(s)

25-06-2024T17:14:40 - [MESSAGE][PASSED] - Delayed 3 second(s)

25-06-2024T17:14:40 - [TEST_STEP][PASSED] - setText(findTestObject("Login/Username"), "sadm001"): Text 'sadm001' is set on object 'Object Repository/Login/Username'

25-06-2024T17:14:40 - [MESSAGE][PASSED] - Text 'sadm001' is set on object 'Object Repository/Login/Username'

25-06-2024T17:14:40 - [TEST_STEP][PASSED] - delay(3): Delayed 3 second(s)

25-06-2024T17:14:43 - [MESSAGE][PASSED] - Delayed 3 second(s)

25-06-2024T17:14:44 - [TEST_STEP][PASSED] - setEncryptedText(findTestObject("Login/Password"), "da8fEzhczGg="): Text ****** has been set on object 'Object Repository/Login/Password'

25-06-2024T17:14:44 - [MESSAGE][PASSED] - Text ****** has been set on object 'Object Repository/Login/Password'

25-06-2024T17:14:44 - [TEST_STEP][PASSED] - delay(3): Delayed 3 second(s)

25-06-2024T17:14:47 - [MESSAGE][PASSED] - Delayed 3 second(s)

25-06-2024T17:14:47 - [TEST_STEP][PASSED] - click(findTestObject("Login/ButtonLogin")): Object: 'Object Repository/Login/ButtonLogin' is clicked on

25-06-2024T17:14:48 - [MESSAGE][PASSED] - Object: 'Object Repository/Login/ButtonLogin' is clicked on

25-06-2024T17:14:48 - [TEST_STEP][PASSED] - delay(3): Delayed 3 second(s)

25-06-2024T17:14:51 - [MESSAGE][PASSED] - Delayed 3 second(s)]]></system-out>
         <system-err><![CDATA[]]></system-err>
      </testcase>
      <testcase name="Test Cases/MasterArea1/OpenMasterArea1" time="124.319" classname="Test Cases/MasterArea1/OpenMasterArea1" status="PASSED">
         <system-out><![CDATA[25-06-2024T17:14:51 - [TEST_CASE][PASSED] - Test Cases/MasterArea1/OpenMasterArea1: Test Cases/MasterArea1/OpenMasterArea1

25-06-2024T17:14:51 - [TEST_STEP][PASSED] - openBrowser("http://206.189.158.91:8080/sparepart-factory-cms/login.zul"): Browser is opened with url: 'http://206.189.158.91:8080/sparepart-factory-cms/login.zul'

25-06-2024T17:14:51 - [MESSAGE][WARNING] - A browser is already opened. Closing browser and opening a new one

25-06-2024T17:15:35 - [MESSAGE][INFO] - Starting 'Chrome' driver

25-06-2024T17:15:35 - [MESSAGE][INFO] - Action delay is set to 0 milliseconds

25-06-2024T17:16:34 - [MESSAGE][PASSED] - Browser is opened with url: 'http://206.189.158.91:8080/sparepart-factory-cms/login.zul'

25-06-2024T17:16:34 - [TEST_STEP][PASSED] - setText(findTestObject("Login/Username"), "sadm001"): Text 'sadm001' is set on object 'Object Repository/Login/Username'

25-06-2024T17:16:34 - [MESSAGE][PASSED] - Text 'sadm001' is set on object 'Object Repository/Login/Username'

25-06-2024T17:16:34 - [TEST_STEP][PASSED] - setText(findTestObject("Login/Password"), "Abc123!"): Text 'Abc123!' is set on object 'Object Repository/Login/Password'

25-06-2024T17:16:35 - [MESSAGE][PASSED] - Text 'Abc123!' is set on object 'Object Repository/Login/Password'

25-06-2024T17:16:35 - [TEST_STEP][PASSED] - click(findTestObject("Login/ButtonLogin")): Object: 'Object Repository/Login/ButtonLogin' is clicked on

25-06-2024T17:16:36 - [MESSAGE][PASSED] - Object: 'Object Repository/Login/ButtonLogin' is clicked on

25-06-2024T17:16:36 - [TEST_STEP][PASSED] - delay(1): Delayed 1 second(s)

25-06-2024T17:16:37 - [MESSAGE][PASSED] - Delayed 1 second(s)

25-06-2024T17:16:37 - [TEST_STEP][PASSED] - click(findTestObject("MasterArea1/MasterArea1")): Object: 'Object Repository/MasterArea1/MasterArea1' is clicked on

25-06-2024T17:16:54 - [MESSAGE][PASSED] - Object: 'Object Repository/MasterArea1/MasterArea1' is clicked on

25-06-2024T17:16:54 - [TEST_STEP][PASSED] - delay(1): Delayed 1 second(s)

25-06-2024T17:16:55 - [MESSAGE][PASSED] - Delayed 1 second(s)]]></system-out>
         <system-err><![CDATA[]]></system-err>
      </testcase>
      <system-out><![CDATA[25-06-2024T17:13:29 - [TEST_SUITE][PASSED] - Mascot: Test Cases/MasterArea1/OpenMasterArea1]]></system-out>
      <system-err><![CDATA[]]></system-err>
   </testsuite>
</testsuites>
